<?xml version="1.0" encoding="UTF-8"?>
<!-- Generated by org.testng.reporters.JUnitXMLReporter -->
<testsuite ignored="2" hostname="Riyaans-MacBook-Air.local" failures="1" tests="18" name="Listeners_program" time="13.35" errors="0" timestamp="2021-11-16T10:24:29 IST">
  <testcase classname="com.test.demoTest" name="@BeforeMethod beforeClass" time="0.0">
    <failure type="java.lang.IllegalStateException" message="The driver executable does not exist: /Users/riyaanghosh/git/TestNGProject/C:\Training-PPT\Driver\chromedriver.exe">
      <![CDATA[java.lang.IllegalStateException: The driver executable does not exist: /Users/riyaanghosh/git/TestNGProject/C:\Training-PPT\Driver\chromedriver.exe
at com.google.common.base.Preconditions.checkState(Preconditions.java:585)
at org.openqa.selenium.remote.service.DriverService.checkExecutable(DriverService.java:146)
at org.openqa.selenium.remote.service.DriverService.findExecutable(DriverService.java:141)
at org.openqa.selenium.chrome.ChromeDriverService.access$000(ChromeDriverService.java:35)
at org.openqa.selenium.chrome.ChromeDriverService$Builder.findDefaultExecutable(ChromeDriverService.java:159)
at org.openqa.selenium.remote.service.DriverService$Builder.build(DriverService.java:355)
at org.openqa.selenium.chrome.ChromeDriverService.createDefaultService(ChromeDriverService.java:94)
at org.openqa.selenium.chrome.ChromeDriver.<init>(ChromeDriver.java:123)
at com.test.demoTest.beforeClass(demoTest.java:24)
at java.base/java.util.ArrayList.forEach(ArrayList.java:1511)
... Removed 31 stack frames]]>
    </failure>
  </testcase> <!-- @BeforeMethod beforeClass -->
  <testcase classname="com.test.demoTest" name="@AfterMethod afterClass" time="-1.637038460204E9">
    <skipped/>
  </testcase> <!-- @AfterMethod afterClass -->
  <testcase classname="com.test.demoTest" name="@BeforeMethod beforeClass" time="-1.637038460206E9">
    <skipped/>
  </testcase> <!-- @BeforeMethod beforeClass -->
  <testcase classname="com.test.demoTest" name="@AfterMethod afterClass" time="-1.63703846021E9">
    <skipped/>
  </testcase> <!-- @AfterMethod afterClass -->
  <testcase classname="com.test.demoTest" name="@BeforeMethod beforeClass" time="-1.637038460212E9">
    <skipped/>
  </testcase> <!-- @BeforeMethod beforeClass -->
  <testcase classname="com.test.demoTest" name="@AfterMethod afterClass" time="-1.637038460217E9">
    <skipped/>
  </testcase> <!-- @AfterMethod afterClass -->
  <testcase classname="com.base.BaseClass" name="@BeforeClass setUp" time="2.347">
    <failure type="java.lang.NullPointerException" message="null value in entry: url=null">
      <![CDATA[java.lang.NullPointerException: null value in entry: url=null
at com.google.common.collect.CollectPreconditions.checkEntryNotNull(CollectPreconditions.java:32)
at com.google.common.collect.SingletonImmutableBiMap.<init>(SingletonImmutableBiMap.java:42)
at com.google.common.collect.ImmutableBiMap.of(ImmutableBiMap.java:72)
at com.google.common.collect.ImmutableMap.of(ImmutableMap.java:124)
at org.openqa.selenium.remote.RemoteWebDriver.get(RemoteWebDriver.java:277)
at Utility.DriverFactory.startApp(DriverFactory.java:20)
at com.base.BaseClass.setUp(BaseClass.java:44)
at java.base/java.util.ArrayList.forEach(ArrayList.java:1511)
... Removed 25 stack frames]]>
    </failure>
  </testcase> <!-- @BeforeClass setUp -->
  <testcase classname="com.base.BaseClass" name="@AfterMethod FailedTestCases" time="-1.637038462592E9">
    <skipped/>
  </testcase> <!-- @AfterMethod FailedTestCases -->
  <testcase classname="com.base.BaseClass" name="@AfterClass tearDown" time="-1.637038462593E9">
    <skipped/>
  </testcase> <!-- @AfterClass tearDown -->
  <testcase classname="com.base.BaseClass" name="@BeforeClass setUp" time="1.43">
    <failure type="java.lang.NullPointerException" message="null value in entry: url=null">
      <![CDATA[java.lang.NullPointerException: null value in entry: url=null
at com.google.common.collect.CollectPreconditions.checkEntryNotNull(CollectPreconditions.java:32)
at com.google.common.collect.SingletonImmutableBiMap.<init>(SingletonImmutableBiMap.java:42)
at com.google.common.collect.ImmutableBiMap.of(ImmutableBiMap.java:72)
at com.google.common.collect.ImmutableMap.of(ImmutableMap.java:124)
at org.openqa.selenium.remote.RemoteWebDriver.get(RemoteWebDriver.java:277)
at Utility.DriverFactory.startApp(DriverFactory.java:20)
at com.base.BaseClass.setUp(BaseClass.java:44)
at java.base/java.util.ArrayList.forEach(ArrayList.java:1511)
... Removed 25 stack frames]]>
    </failure>
  </testcase> <!-- @BeforeClass setUp -->
  <testcase classname="com.test.anotationsExample" name="@BeforeClass beforeClass" time="-1.637038464034E9">
    <skipped/>
  </testcase> <!-- @BeforeClass beforeClass -->
  <testcase classname="com.test.anotationsExample" name="@BeforeMethod beforeMethod" time="-1.637038464036E9">
    <skipped/>
  </testcase> <!-- @BeforeMethod beforeMethod -->
  <testcase classname="com.test.anotationsExample" name="@AfterMethod afterMethod" time="-1.637038464041E9">
    <skipped/>
  </testcase> <!-- @AfterMethod afterMethod -->
  <testcase classname="com.base.BaseClass" name="@AfterMethod FailedTestCases" time="-1.637038464042E9">
    <skipped/>
  </testcase> <!-- @AfterMethod FailedTestCases -->
  <testcase classname="com.test.anotationsExample" name="@AfterClass afterClass" time="-1.637038464043E9">
    <skipped/>
  </testcase> <!-- @AfterClass afterClass -->
  <testcase classname="com.base.BaseClass" name="@AfterClass tearDown" time="-1.637038464043E9">
    <skipped/>
  </testcase> <!-- @AfterClass tearDown -->
  <testcase classname="com.test.anotationsExample" name="@AfterTest afterTest" time="-1.637038464044E9">
    <skipped/>
  </testcase> <!-- @AfterTest afterTest -->
  <testcase classname="com.test.DataProviderExample" name="search" time="0.012"/>
  <testcase classname="com.test.DataProviderExample" name="search" time="0.003"/>
  <testcase classname="com.test.DataProviderExample" name="search" time="0.001"/>
  <testcase classname="com.test.DataProviderExample" name="search1" time="0.003"/>
  <testcase classname="com.test.DataProviderExample" name="search1" time="0.004"/>
  <testcase classname="com.test.DataProviderExample" name="search1" time="0.002"/>
  <testcase classname="com.test.RegistrationTest" name="registration_of_user" time="2.481">
    <failure type="java.lang.AssertionError" message="expected [true] but found [false]">
      <![CDATA[java.lang.AssertionError: expected [true] but found [false]
at com.test.RegistrationTest.registration_of_user(RegistrationTest.java:39)
at java.base/java.util.ArrayList.forEach(ArrayList.java:1511)
... Removed 31 stack frames]]>
    </failure>
  </testcase> <!-- registration_of_user -->
  <testcase classname="com.test.demoTest" name="testCase1" time="0.0">
    <skipped/>
  </testcase> <!-- testCase1 -->
  <testcase classname="com.test.demoTest" name="testCase2" time="0.0">
    <skipped/>
  </testcase> <!-- testCase2 -->
  <testcase classname="com.test.demoTest" name="testCase3" time="0.0">
    <skipped/>
  </testcase> <!-- testCase3 -->
  <testcase classname="com.test.group_test" name="checkTitle" time="0.001"/>
  <testcase classname="com.test.group_test" name="click_element" time="0.002"/>
  <testcase classname="com.test.group_test" name="starting_point" time="0.0"/>
  <testcase classname="com.test.RegistrationTestWithData" name="registration_of_user" time="0.0">
    <skipped/>
  </testcase> <!-- registration_of_user -->
  <testcase classname="com.test.TestCaseExample" name="myTest" time="0.001"/>
  <testcase classname="com.test.priorityTestRun" name="a_method" time="0.0"/>
  <testcase classname="com.test.priorityTestRun" name="b_method" time="0.001"/>
  <testcase classname="com.test.anotationsExample" name="testCase1" time="0.0">
    <skipped/>
  </testcase> <!-- testCase1 -->
  <testcase classname="com.base.BaseClass" name="@BeforeSuite setUpEnv" time="0.0">
    <ignored/>
  </testcase> <!-- @BeforeSuite setUpEnv -->
  <testcase classname="com.base.BaseClass" name="@BeforeSuite setUpEnv" time="0.0">
    <ignored/>
  </testcase> <!-- @BeforeSuite setUpEnv -->
</testsuite> <!-- Listeners_program -->
