<?xml version="1.0" encoding="UTF-8"?>
<!-- Generated by org.testng.reporters.JUnitXMLReporter -->
<testsuite hostname="Riyaans-MacBook-Air.local" ignored="0" name="MyTests" tests="3" failures="0" timestamp="2021-12-11T21:57:22 IST" time="0.133" errors="0">
  <testcase name="@BeforeMethod beforeClass" time="0.038" classname="com.test.demoTest1">
    <failure type="java.lang.IllegalStateException" message="The driver executable does not exist: /Users/riyaanghosh/git/TestNGProject/C:\Training-PPT\Driver\chromedriver.exe">
      <![CDATA[java.lang.IllegalStateException: The driver executable does not exist: /Users/riyaanghosh/git/TestNGProject/C:\Training-PPT\Driver\chromedriver.exe
at com.google.common.base.Preconditions.checkState(Preconditions.java:585)
at org.openqa.selenium.remote.service.DriverService.checkExecutable(DriverService.java:146)
at org.openqa.selenium.remote.service.DriverService.findExecutable(DriverService.java:141)
at org.openqa.selenium.chrome.ChromeDriverService.access$000(ChromeDriverService.java:35)
at org.openqa.selenium.chrome.ChromeDriverService$Builder.findDefaultExecutable(ChromeDriverService.java:159)
at org.openqa.selenium.remote.service.DriverService$Builder.build(DriverService.java:355)
at org.openqa.selenium.chrome.ChromeDriverService.createDefaultService(ChromeDriverService.java:94)
at org.openqa.selenium.chrome.ChromeDriver.<init>(ChromeDriver.java:123)
at com.test.demoTest1.beforeClass(demoTest1.java:24)
at java.util.ArrayList.forEach(ArrayList.java:1259)
... Removed 31 stack frames]]>
    </failure>
  </testcase> <!-- @BeforeMethod beforeClass -->
  <testcase name="@AfterMethod afterClass" time="-1.639240037629E9" classname="com.test.demoTest1">
    <skipped/>
  </testcase> <!-- @AfterMethod afterClass -->
  <testcase name="@BeforeMethod beforeClass" time="-1.639240037632E9" classname="com.test.demoTest1">
    <skipped/>
  </testcase> <!-- @BeforeMethod beforeClass -->
  <testcase name="@AfterMethod afterClass" time="-1.639240037638E9" classname="com.test.demoTest1">
    <skipped/>
  </testcase> <!-- @AfterMethod afterClass -->
  <testcase name="@BeforeMethod beforeClass" time="-1.639240037641E9" classname="com.test.demoTest1">
    <skipped/>
  </testcase> <!-- @BeforeMethod beforeClass -->
  <testcase name="@AfterMethod afterClass" time="-1.639240037647E9" classname="com.test.demoTest1">
    <skipped/>
  </testcase> <!-- @AfterMethod afterClass -->
  <testcase name="testCase1" time="0.0" classname="com.test.demoTest1">
    <skipped/>
  </testcase> <!-- testCase1 -->
  <testcase name="testCase2" time="0.0" classname="com.test.demoTest1">
    <skipped/>
  </testcase> <!-- testCase2 -->
  <testcase name="testCase3" time="0.0" classname="com.test.demoTest1">
    <skipped/>
  </testcase> <!-- testCase3 -->
</testsuite> <!-- MyTests -->
